<?xml version="1.0" encoding="UTF-8"?>
<!-- Generated by org.testng.reporters.JUnitReportReporter -->
<testsuite hostname="DESKTOP-QUDC6GG" failures="0" tests="1" name="com.herokuapp.theinternet.PositiveTests" time="17.282" errors="0" timestamp="2020-04-14T19:23:23 MSK" skipped="0">
  <testcase classname="com.herokuapp.theinternet.PositiveTests" name="loginTest" time="17.282"/>
  <system-out/>
</testsuite> <!-- com.herokuapp.theinternet.PositiveTests -->
