<?xml version="1.0" encoding="UTF-8"?>
<!-- Generated by org.testng.reporters.JUnitReportReporter -->
<testsuite hostname="DESKTOP-QUDC6GG" failures="0" tests="1" name="com.herokuapp.theinternet.ExceptionsTests" time="18.394" errors="0" timestamp="2020-04-21T00:37:12 MSK" skipped="0">
  <testcase classname="com.herokuapp.theinternet.ExceptionsTests" name="staleElementTaste" time="18.394"/>
  <system-out/>
</testsuite> <!-- com.herokuapp.theinternet.ExceptionsTests -->
