<?xml version="1.0" encoding="UTF-8"?>
<!-- Generated by org.testng.reporters.JUnitReportReporter -->
<testsuite hostname="DESKTOP-QUDC6GG" failures="0" tests="2" name="com.herokuapp.theinternet.NegativeTests" time="30.575" errors="0" timestamp="2020-04-15T20:26:32 MSK" skipped="0">
  <testcase classname="com.herokuapp.theinternet.NegativeTests" name="negativeLoginTest" time="16.120"/>
  <system-out/>
  <testcase classname="com.herokuapp.theinternet.NegativeTests" name="negativeLoginTest" time="14.455"/>
  <system-out/>
</testsuite> <!-- com.herokuapp.theinternet.NegativeTests -->
